2023-07-11 23:57:38.805 [info] Log level: Info
2023-07-11 23:57:38.805 [info] Validating found git in: "git"
2023-07-11 23:57:38.805 [info] Using git "2.25.1" from "git"
2023-07-11 23:57:38.805 [info] > git rev-parse --show-toplevel [2ms]
2023-07-11 23:57:38.805 [info] > git rev-parse --git-dir --git-common-dir [0ms]
2023-07-11 23:57:38.805 [info] Open repository: /home/huang
2023-07-11 23:57:38.805 [info] > git rev-parse --show-toplevel [2ms]
2023-07-11 23:57:38.805 [info] > git config --get commit.template [2ms]
2023-07-11 23:57:38.805 [info] > git rev-parse --show-toplevel [1ms]
2023-07-11 23:57:38.805 [info] > git rev-parse --show-toplevel [2ms]
2023-07-11 23:57:38.805 [info] > git for-each-ref --format=%(refname)%00%(upstream:short)%00%(objectname)%00%(upstream:track)%00%(upstream:remotename)%00%(upstream:remoteref) refs/heads/main refs/remotes/main [2ms]
2023-07-11 23:57:38.805 [info] > git rev-parse --show-toplevel [2ms]
2023-07-11 23:57:38.805 [info] > git rev-parse --show-toplevel [1ms]
2023-07-11 23:57:38.805 [info] > git status -z -uall [3ms]
2023-07-11 23:57:38.805 [info] > git rev-parse --show-toplevel [0ms]
2023-07-11 23:57:38.805 [info] > git rev-parse --show-toplevel [5ms]
2023-07-11 23:57:38.805 [info] > git config --get commit.template [1ms]
2023-07-11 23:57:38.805 [info] > git for-each-ref --format=%(refname)%00%(upstream:short)%00%(objectname)%00%(upstream:track)%00%(upstream:remotename)%00%(upstream:remoteref) refs/heads/main refs/remotes/main [0ms]
2023-07-11 23:57:38.805 [info] > git status -z -uall [3ms]
2023-07-11 23:57:39.350 [info] > git check-ignore -v -z --stdin [1ms]
2023-07-11 23:57:41.202 [info] > git config --get commit.template [3ms]
2023-07-11 23:57:41.203 [info] > git for-each-ref --format=%(refname)%00%(upstream:short)%00%(objectname)%00%(upstream:track)%00%(upstream:remotename)%00%(upstream:remoteref) refs/heads/main refs/remotes/main [1ms]
2023-07-11 23:57:41.208 [info] > git status -z -uall [4ms]
2023-07-11 23:57:46.214 [info] > git config --get commit.template [2ms]
2023-07-11 23:57:46.214 [info] > git for-each-ref --format=%(refname)%00%(upstream:short)%00%(objectname)%00%(upstream:track)%00%(upstream:remotename)%00%(upstream:remoteref) refs/heads/main refs/remotes/main [0ms]
2023-07-11 23:57:46.220 [info] > git status -z -uall [4ms]
2023-07-11 23:57:51.227 [info] > git config --get commit.template [2ms]
2023-07-11 23:57:51.227 [info] > git for-each-ref --format=%(refname)%00%(upstream:short)%00%(objectname)%00%(upstream:track)%00%(upstream:remotename)%00%(upstream:remoteref) refs/heads/main refs/remotes/main [0ms]
2023-07-11 23:57:51.233 [info] > git status -z -uall [4ms]
2023-07-11 23:57:53.311 [info] > git check-ignore -v -z --stdin [1ms]
2023-07-11 23:57:54.432 [info] > git show --textconv :star.c [3ms]
2023-07-11 23:57:54.432 [info] > git ls-files --stage -- /home/huang/star.c [1ms]
2023-07-11 23:57:56.238 [info] > git config --get commit.template [0ms]
2023-07-11 23:57:56.241 [info] > git for-each-ref --format=%(refname)%00%(upstream:short)%00%(objectname)%00%(upstream:track)%00%(upstream:remotename)%00%(upstream:remoteref) refs/heads/main refs/remotes/main [1ms]
2023-07-11 23:57:56.256 [info] > git status -z -uall [14ms]
2023-07-11 23:58:01.262 [info] > git config --get commit.template [2ms]
2023-07-11 23:58:01.262 [info] > git for-each-ref --format=%(refname)%00%(upstream:short)%00%(objectname)%00%(upstream:track)%00%(upstream:remotename)%00%(upstream:remoteref) refs/heads/main refs/remotes/main [0ms]
2023-07-11 23:58:01.278 [info] > git status -z -uall [14ms]
2023-07-11 23:58:06.285 [info] > git config --get commit.template [3ms]
2023-07-11 23:58:06.285 [info] > git for-each-ref --format=%(refname)%00%(upstream:short)%00%(objectname)%00%(upstream:track)%00%(upstream:remotename)%00%(upstream:remoteref) refs/heads/main refs/remotes/main [0ms]
2023-07-11 23:58:06.301 [info] > git status -z -uall [13ms]
2023-07-11 23:58:11.308 [info] > git config --get commit.template [2ms]
2023-07-11 23:58:11.308 [info] > git for-each-ref --format=%(refname)%00%(upstream:short)%00%(objectname)%00%(upstream:track)%00%(upstream:remotename)%00%(upstream:remoteref) refs/heads/main refs/remotes/main [0ms]
2023-07-11 23:58:11.323 [info] > git status -z -uall [13ms]
2023-07-11 23:58:16.331 [info] > git config --get commit.template [2ms]
2023-07-11 23:58:16.332 [info] > git for-each-ref --format=%(refname)%00%(upstream:short)%00%(objectname)%00%(upstream:track)%00%(upstream:remotename)%00%(upstream:remoteref) refs/heads/main refs/remotes/main [1ms]
2023-07-11 23:58:16.347 [info] > git status -z -uall [14ms]
2023-07-11 23:58:21.355 [info] > git config --get commit.template [2ms]
2023-07-11 23:58:21.355 [info] > git for-each-ref --format=%(refname)%00%(upstream:short)%00%(objectname)%00%(upstream:track)%00%(upstream:remotename)%00%(upstream:remoteref) refs/heads/main refs/remotes/main [1ms]
2023-07-11 23:58:21.370 [info] > git status -z -uall [14ms]
2023-07-11 23:58:26.377 [info] > git config --get commit.template [2ms]
2023-07-11 23:58:26.377 [info] > git for-each-ref --format=%(refname)%00%(upstream:short)%00%(objectname)%00%(upstream:track)%00%(upstream:remotename)%00%(upstream:remoteref) refs/heads/main refs/remotes/main [0ms]
2023-07-11 23:58:26.392 [info] > git status -z -uall [13ms]
2023-07-11 23:58:31.400 [info] > git config --get commit.template [3ms]
2023-07-11 23:58:31.400 [info] > git for-each-ref --format=%(refname)%00%(upstream:short)%00%(objectname)%00%(upstream:track)%00%(upstream:remotename)%00%(upstream:remoteref) refs/heads/main refs/remotes/main [0ms]
2023-07-11 23:58:31.415 [info] > git status -z -uall [13ms]
2023-07-11 23:58:36.422 [info] > git config --get commit.template [3ms]
2023-07-11 23:58:36.423 [info] > git for-each-ref --format=%(refname)%00%(upstream:short)%00%(objectname)%00%(upstream:track)%00%(upstream:remotename)%00%(upstream:remoteref) refs/heads/main refs/remotes/main [2ms]
2023-07-11 23:58:36.438 [info] > git status -z -uall [14ms]
2023-07-11 23:58:41.444 [info] > git config --get commit.template [2ms]
2023-07-11 23:58:41.444 [info] > git for-each-ref --format=%(refname)%00%(upstream:short)%00%(objectname)%00%(upstream:track)%00%(upstream:remotename)%00%(upstream:remoteref) refs/heads/main refs/remotes/main [0ms]
2023-07-11 23:58:41.460 [info] > git status -z -uall [14ms]
2023-07-11 23:58:46.466 [info] > git config --get commit.template [2ms]
2023-07-11 23:58:46.467 [info] > git for-each-ref --format=%(refname)%00%(upstream:short)%00%(objectname)%00%(upstream:track)%00%(upstream:remotename)%00%(upstream:remoteref) refs/heads/main refs/remotes/main [1ms]
2023-07-11 23:58:46.482 [info] > git status -z -uall [14ms]
2023-07-11 23:58:51.489 [info] > git config --get commit.template [2ms]
2023-07-11 23:58:51.489 [info] > git for-each-ref --format=%(refname)%00%(upstream:short)%00%(objectname)%00%(upstream:track)%00%(upstream:remotename)%00%(upstream:remoteref) refs/heads/main refs/remotes/main [0ms]
2023-07-11 23:58:51.504 [info] > git status -z -uall [13ms]
2023-07-11 23:58:56.510 [info] > git config --get commit.template [2ms]
2023-07-11 23:58:56.511 [info] > git for-each-ref --format=%(refname)%00%(upstream:short)%00%(objectname)%00%(upstream:track)%00%(upstream:remotename)%00%(upstream:remoteref) refs/heads/main refs/remotes/main [1ms]
2023-07-11 23:58:56.526 [info] > git status -z -uall [14ms]
2023-07-11 23:59:01.532 [info] > git config --get commit.template [2ms]
2023-07-11 23:59:01.532 [info] > git for-each-ref --format=%(refname)%00%(upstream:short)%00%(objectname)%00%(upstream:track)%00%(upstream:remotename)%00%(upstream:remoteref) refs/heads/main refs/remotes/main [0ms]
2023-07-11 23:59:01.548 [info] > git status -z -uall [14ms]
2023-07-11 23:59:06.555 [info] > git config --get commit.template [2ms]
2023-07-11 23:59:06.556 [info] > git for-each-ref --format=%(refname)%00%(upstream:short)%00%(objectname)%00%(upstream:track)%00%(upstream:remotename)%00%(upstream:remoteref) refs/heads/main refs/remotes/main [1ms]
2023-07-11 23:59:06.571 [info] > git status -z -uall [14ms]
2023-07-11 23:59:11.577 [info] > git config --get commit.template [1ms]
2023-07-11 23:59:11.579 [info] > git for-each-ref --format=%(refname)%00%(upstream:short)%00%(objectname)%00%(upstream:track)%00%(upstream:remotename)%00%(upstream:remoteref) refs/heads/main refs/remotes/main [0ms]
2023-07-11 23:59:11.594 [info] > git status -z -uall [14ms]
2023-07-11 23:59:16.599 [info] > git config --get commit.template [0ms]
2023-07-11 23:59:16.601 [info] > git for-each-ref --format=%(refname)%00%(upstream:short)%00%(objectname)%00%(upstream:track)%00%(upstream:remotename)%00%(upstream:remoteref) refs/heads/main refs/remotes/main [0ms]
2023-07-11 23:59:16.617 [info] > git status -z -uall [14ms]
2023-07-11 23:59:21.624 [info] > git config --get commit.template [2ms]
2023-07-11 23:59:21.624 [info] > git for-each-ref --format=%(refname)%00%(upstream:short)%00%(objectname)%00%(upstream:track)%00%(upstream:remotename)%00%(upstream:remoteref) refs/heads/main refs/remotes/main [0ms]
2023-07-11 23:59:21.640 [info] > git status -z -uall [14ms]
2023-07-11 23:59:26.647 [info] > git config --get commit.template [2ms]
2023-07-11 23:59:26.648 [info] > git for-each-ref --format=%(refname)%00%(upstream:short)%00%(objectname)%00%(upstream:track)%00%(upstream:remotename)%00%(upstream:remoteref) refs/heads/main refs/remotes/main [1ms]
2023-07-11 23:59:26.663 [info] > git status -z -uall [14ms]
2023-07-11 23:59:31.671 [info] > git config --get commit.template [2ms]
2023-07-11 23:59:31.671 [info] > git for-each-ref --format=%(refname)%00%(upstream:short)%00%(objectname)%00%(upstream:track)%00%(upstream:remotename)%00%(upstream:remoteref) refs/heads/main refs/remotes/main [1ms]
2023-07-11 23:59:31.686 [info] > git status -z -uall [14ms]
2023-07-11 23:59:36.692 [info] > git config --get commit.template [2ms]
2023-07-11 23:59:36.693 [info] > git for-each-ref --format=%(refname)%00%(upstream:short)%00%(objectname)%00%(upstream:track)%00%(upstream:remotename)%00%(upstream:remoteref) refs/heads/main refs/remotes/main [1ms]
2023-07-11 23:59:36.708 [info] > git status -z -uall [14ms]
2023-07-11 23:59:41.715 [info] > git config --get commit.template [2ms]
2023-07-11 23:59:41.715 [info] > git for-each-ref --format=%(refname)%00%(upstream:short)%00%(objectname)%00%(upstream:track)%00%(upstream:remotename)%00%(upstream:remoteref) refs/heads/main refs/remotes/main [1ms]
2023-07-11 23:59:41.730 [info] > git status -z -uall [14ms]
2023-07-11 23:59:46.737 [info] > git config --get commit.template [2ms]
2023-07-11 23:59:46.737 [info] > git for-each-ref --format=%(refname)%00%(upstream:short)%00%(objectname)%00%(upstream:track)%00%(upstream:remotename)%00%(upstream:remoteref) refs/heads/main refs/remotes/main [1ms]
2023-07-11 23:59:46.752 [info] > git status -z -uall [14ms]
2023-07-11 23:59:51.760 [info] > git config --get commit.template [2ms]
2023-07-11 23:59:51.760 [info] > git for-each-ref --format=%(refname)%00%(upstream:short)%00%(objectname)%00%(upstream:track)%00%(upstream:remotename)%00%(upstream:remoteref) refs/heads/main refs/remotes/main [0ms]
2023-07-11 23:59:51.776 [info] > git status -z -uall [14ms]
2023-07-11 23:59:56.782 [info] > git config --get commit.template [2ms]
2023-07-11 23:59:56.783 [info] > git for-each-ref --format=%(refname)%00%(upstream:short)%00%(objectname)%00%(upstream:track)%00%(upstream:remotename)%00%(upstream:remoteref) refs/heads/main refs/remotes/main [1ms]
2023-07-11 23:59:56.798 [info] > git status -z -uall [14ms]
2023-07-12 00:00:01.805 [info] > git config --get commit.template [3ms]
2023-07-12 00:00:01.805 [info] > git for-each-ref --format=%(refname)%00%(upstream:short)%00%(objectname)%00%(upstream:track)%00%(upstream:remotename)%00%(upstream:remoteref) refs/heads/main refs/remotes/main [1ms]
2023-07-12 00:00:01.820 [info] > git status -z -uall [14ms]
2023-07-12 00:00:06.827 [info] > git config --get commit.template [2ms]
2023-07-12 00:00:06.827 [info] > git for-each-ref --format=%(refname)%00%(upstream:short)%00%(objectname)%00%(upstream:track)%00%(upstream:remotename)%00%(upstream:remoteref) refs/heads/main refs/remotes/main [0ms]
2023-07-12 00:00:06.842 [info] > git status -z -uall [13ms]
2023-07-12 00:00:11.850 [info] > git config --get commit.template [3ms]
2023-07-12 00:00:11.850 [info] > git for-each-ref --format=%(refname)%00%(upstream:short)%00%(objectname)%00%(upstream:track)%00%(upstream:remotename)%00%(upstream:remoteref) refs/heads/main refs/remotes/main [0ms]
2023-07-12 00:00:11.866 [info] > git status -z -uall [13ms]
2023-07-12 00:00:16.873 [info] > git config --get commit.template [3ms]
2023-07-12 00:00:16.873 [info] > git for-each-ref --format=%(refname)%00%(upstream:short)%00%(objectname)%00%(upstream:track)%00%(upstream:remotename)%00%(upstream:remoteref) refs/heads/main refs/remotes/main [1ms]
2023-07-12 00:00:16.883 [info] > git status -z -uall [9ms]
2023-07-12 00:00:21.890 [info] > git config --get commit.template [2ms]
2023-07-12 00:00:21.890 [info] > git for-each-ref --format=%(refname)%00%(upstream:short)%00%(objectname)%00%(upstream:track)%00%(upstream:remotename)%00%(upstream:remoteref) refs/heads/main refs/remotes/main [0ms]
2023-07-12 00:00:21.900 [info] > git status -z -uall [8ms]
2023-07-12 00:00:26.908 [info] > git config --get commit.template [2ms]
2023-07-12 00:00:26.909 [info] > git for-each-ref --format=%(refname)%00%(upstream:short)%00%(objectname)%00%(upstream:track)%00%(upstream:remotename)%00%(upstream:remoteref) refs/heads/main refs/remotes/main [0ms]
2023-07-12 00:00:26.919 [info] > git status -z -uall [8ms]
2023-07-12 00:00:31.927 [info] > git config --get commit.template [3ms]
2023-07-12 00:00:31.927 [info] > git for-each-ref --format=%(refname)%00%(upstream:short)%00%(objectname)%00%(upstream:track)%00%(upstream:remotename)%00%(upstream:remoteref) refs/heads/main refs/remotes/main [1ms]
2023-07-12 00:00:31.937 [info] > git status -z -uall [9ms]
2023-07-12 00:00:33.051 [info] > git check-ignore -v -z --stdin [0ms]
2023-07-12 00:00:36.945 [info] > git config --get commit.template [3ms]
2023-07-12 00:00:36.945 [info] > git for-each-ref --format=%(refname)%00%(upstream:short)%00%(objectname)%00%(upstream:track)%00%(upstream:remotename)%00%(upstream:remoteref) refs/heads/main refs/remotes/main [1ms]
2023-07-12 00:00:36.955 [info] > git status -z -uall [9ms]
2023-07-12 00:00:41.962 [info] > git config --get commit.template [2ms]
2023-07-12 00:00:41.962 [info] > git for-each-ref --format=%(refname)%00%(upstream:short)%00%(objectname)%00%(upstream:track)%00%(upstream:remotename)%00%(upstream:remoteref) refs/heads/main refs/remotes/main [0ms]
2023-07-12 00:00:41.972 [info] > git status -z -uall [8ms]
